{"total": {"lines":{"total":6669,"covered":4317,"skipped":0,"pct":64.73},"statements":{"total":7589,"covered":4746,"skipped":0,"pct":62.53},"functions":{"total":1644,"covered":804,"skipped":0,"pct":48.9},"branches":{"total":5401,"covered":2609,"skipped":0,"pct":48.3},"branchesTrue":{"total":0,"covered":0,"skipped":0,"pct":100}}
,"C:\\my-timetable-app\\src\\contexts\\HistoryContext.tsx": {"lines":{"total":8,"covered":7,"skipped":0,"pct":87.5},"functions":{"total":2,"covered":2,"skipped":0,"pct":100},"statements":{"total":8,"covered":7,"skipped":0,"pct":87.5},"branches":{"total":2,"covered":1,"skipped":0,"pct":50}}
,"C:\\my-timetable-app\\src\\contexts\\ProfileContext.tsx": {"lines":{"total":129,"covered":91,"skipped":0,"pct":70.54},"functions":{"total":20,"covered":14,"skipped":0,"pct":70},"statements":{"total":137,"covered":93,"skipped":0,"pct":67.88},"branches":{"total":46,"covered":18,"skipped":0,"pct":39.13}}
,"C:\\my-timetable-app\\src\\contexts\\useProfileHistory.ts": {"lines":{"total":34,"covered":33,"skipped":0,"pct":97.05},"functions":{"total":10,"covered":10,"skipped":0,"pct":100},"statements":{"total":41,"covered":35,"skipped":0,"pct":85.36},"branches":{"total":12,"covered":6,"skipped":0,"pct":50}}
,"C:\\my-timetable-app\\src\\features\\classes\\ClassesView.tsx": {"lines":{"total":25,"covered":0,"skipped":0,"pct":0},"functions":{"total":14,"covered":0,"skipped":0,"pct":0},"statements":{"total":31,"covered":0,"skipped":0,"pct":0},"branches":{"total":13,"covered":0,"skipped":0,"pct":0}}
,"C:\\my-timetable-app\\src\\features\\classes\\index.ts": {"lines":{"total":0,"covered":0,"skipped":0,"pct":100},"functions":{"total":0,"covered":0,"skipped":0,"pct":100},"statements":{"total":0,"covered":0,"skipped":0,"pct":100},"branches":{"total":0,"covered":0,"skipped":0,"pct":100}}
,"C:\\my-timetable-app\\src\\features\\classes\\types.ts": {"lines":{"total":0,"covered":0,"skipped":0,"pct":100},"functions":{"total":0,"covered":0,"skipped":0,"pct":100},"statements":{"total":0,"covered":0,"skipped":0,"pct":100},"branches":{"total":0,"covered":0,"skipped":0,"pct":100}}
,"C:\\my-timetable-app\\src\\features\\classes\\utils.ts": {"lines":{"total":14,"covered":14,"skipped":0,"pct":100},"functions":{"total":4,"covered":4,"skipped":0,"pct":100},"statements":{"total":16,"covered":16,"skipped":0,"pct":100},"branches":{"total":12,"covered":11,"skipped":0,"pct":91.66}}
,"C:\\my-timetable-app\\src\\features\\classes\\components\\ClassAssignmentsPanel.tsx": {"lines":{"total":53,"covered":41,"skipped":0,"pct":77.35},"functions":{"total":26,"covered":18,"skipped":0,"pct":69.23},"statements":{"total":62,"covered":47,"skipped":0,"pct":75.8},"branches":{"total":36,"covered":20,"skipped":0,"pct":55.55}}
,"C:\\my-timetable-app\\src\\features\\classes\\components\\ClassBasicsSection.tsx": {"lines":{"total":14,"covered":10,"skipped":0,"pct":71.42},"functions":{"total":7,"covered":5,"skipped":0,"pct":71.42},"statements":{"total":15,"covered":10,"skipped":0,"pct":66.66},"branches":{"total":20,"covered":13,"skipped":0,"pct":65}}
,"C:\\my-timetable-app\\src\\features\\classes\\components\\ClassCurriculumSection.tsx": {"lines":{"total":18,"covered":2,"skipped":0,"pct":11.11},"functions":{"total":14,"covered":1,"skipped":0,"pct":7.14},"statements":{"total":21,"covered":2,"skipped":0,"pct":9.52},"branches":{"total":22,"covered":0,"skipped":0,"pct":0}}
,"C:\\my-timetable-app\\src\\features\\classes\\components\\ClassEditorModal.tsx": {"lines":{"total":11,"covered":7,"skipped":0,"pct":63.63},"functions":{"total":6,"covered":3,"skipped":0,"pct":50},"statements":{"total":11,"covered":7,"skipped":0,"pct":63.63},"branches":{"total":12,"covered":9,"skipped":0,"pct":75}}
,"C:\\my-timetable-app\\src\\features\\classes\\components\\ClassGroups.tsx": {"lines":{"total":19,"covered":0,"skipped":0,"pct":0},"functions":{"total":16,"covered":0,"skipped":0,"pct":0},"statements":{"total":21,"covered":0,"skipped":0,"pct":0},"branches":{"total":2,"covered":0,"skipped":0,"pct":0}}
,"C:\\my-timetable-app\\src\\features\\classes\\components\\ClassList.tsx": {"lines":{"total":13,"covered":0,"skipped":0,"pct":0},"functions":{"total":7,"covered":0,"skipped":0,"pct":0},"statements":{"total":13,"covered":0,"skipped":0,"pct":0},"branches":{"total":14,"covered":0,"skipped":0,"pct":0}}
,"C:\\my-timetable-app\\src\\features\\classes\\components\\ClassStructureSection.tsx": {"lines":{"total":22,"covered":19,"skipped":0,"pct":86.36},"functions":{"total":8,"covered":7,"skipped":0,"pct":87.5},"statements":{"total":22,"covered":19,"skipped":0,"pct":86.36},"branches":{"total":36,"covered":25,"skipped":0,"pct":69.44}}
,"C:\\my-timetable-app\\src\\features\\classes\\components\\GroupModals.tsx": {"lines":{"total":42,"covered":0,"skipped":0,"pct":0},"functions":{"total":19,"covered":0,"skipped":0,"pct":0},"statements":{"total":49,"covered":0,"skipped":0,"pct":0},"branches":{"total":20,"covered":0,"skipped":0,"pct":0}}
,"C:\\my-timetable-app\\src\\features\\classes\\hooks\\useClassActions.ts": {"lines":{"total":63,"covered":40,"skipped":0,"pct":63.49},"functions":{"total":23,"covered":8,"skipped":0,"pct":34.78},"statements":{"total":70,"covered":44,"skipped":0,"pct":62.85},"branches":{"total":14,"covered":5,"skipped":0,"pct":35.71}}
,"C:\\my-timetable-app\\src\\features\\classes\\hooks\\useClassForm.ts": {"lines":{"total":82,"covered":61,"skipped":0,"pct":74.39},"functions":{"total":16,"covered":8,"skipped":0,"pct":50},"statements":{"total":92,"covered":63,"skipped":0,"pct":68.47},"branches":{"total":66,"covered":34,"skipped":0,"pct":51.51}}
,"C:\\my-timetable-app\\src\\features\\classes\\hooks\\useClassMetrics.ts": {"lines":{"total":21,"covered":0,"skipped":0,"pct":0},"functions":{"total":3,"covered":0,"skipped":0,"pct":0},"statements":{"total":24,"covered":0,"skipped":0,"pct":0},"branches":{"total":18,"covered":0,"skipped":0,"pct":0}}
,"C:\\my-timetable-app\\src\\features\\configuration\\GlobalConfigView.tsx": {"lines":{"total":30,"covered":18,"skipped":0,"pct":60},"functions":{"total":8,"covered":5,"skipped":0,"pct":62.5},"statements":{"total":31,"covered":18,"skipped":0,"pct":58.06},"branches":{"total":28,"covered":13,"skipped":0,"pct":46.42}}
,"C:\\my-timetable-app\\src\\features\\configuration\\index.ts": {"lines":{"total":0,"covered":0,"skipped":0,"pct":100},"functions":{"total":0,"covered":0,"skipped":0,"pct":100},"statements":{"total":0,"covered":0,"skipped":0,"pct":100},"branches":{"total":0,"covered":0,"skipped":0,"pct":100}}
,"C:\\my-timetable-app\\src\\features\\configuration\\components\\ConfigImpactBanner.tsx": {"lines":{"total":4,"covered":2,"skipped":0,"pct":50},"functions":{"total":2,"covered":1,"skipped":0,"pct":50},"statements":{"total":5,"covered":3,"skipped":0,"pct":60},"branches":{"total":6,"covered":2,"skipped":0,"pct":33.33}}
,"C:\\my-timetable-app\\src\\features\\configuration\\components\\ConfigPageHeader.tsx": {"lines":{"total":2,"covered":2,"skipped":0,"pct":100},"functions":{"total":1,"covered":1,"skipped":0,"pct":100},"statements":{"total":2,"covered":2,"skipped":0,"pct":100},"branches":{"total":2,"covered":2,"skipped":0,"pct":100}}
,"C:\\my-timetable-app\\src\\features\\configuration\\components\\DaySummaryStrip.tsx": {"lines":{"total":3,"covered":3,"skipped":0,"pct":100},"functions":{"total":1,"covered":1,"skipped":0,"pct":100},"statements":{"total":3,"covered":3,"skipped":0,"pct":100},"branches":{"total":4,"covered":2,"skipped":0,"pct":50}}
,"C:\\my-timetable-app\\src\\features\\configuration\\components\\ExamDefaultsSection.tsx": {"lines":{"total":8,"covered":1,"skipped":0,"pct":12.5},"functions":{"total":5,"covered":0,"skipped":0,"pct":0},"statements":{"total":8,"covered":1,"skipped":0,"pct":12.5},"branches":{"total":6,"covered":0,"skipped":0,"pct":0}}
,"C:\\my-timetable-app\\src\\features\\configuration\\components\\ProfileWizard.tsx": {"lines":{"total":15,"covered":0,"skipped":0,"pct":0},"functions":{"total":4,"covered":0,"skipped":0,"pct":0},"statements":{"total":16,"covered":0,"skipped":0,"pct":0},"branches":{"total":4,"covered":0,"skipped":0,"pct":0}}
,"C:\\my-timetable-app\\src\\features\\configuration\\components\\ReservationsGridSection.tsx": {"lines":{"total":14,"covered":2,"skipped":0,"pct":14.28},"functions":{"total":6,"covered":0,"skipped":0,"pct":0},"statements":{"total":14,"covered":2,"skipped":0,"pct":14.28},"branches":{"total":10,"covered":0,"skipped":0,"pct":0}}
,"C:\\my-timetable-app\\src\\features\\configuration\\components\\RulesSection.tsx": {"lines":{"total":8,"covered":1,"skipped":0,"pct":12.5},"functions":{"total":6,"covered":0,"skipped":0,"pct":0},"statements":{"total":8,"covered":1,"skipped":0,"pct":12.5},"branches":{"total":12,"covered":0,"skipped":0,"pct":0}}
,"C:\\my-timetable-app\\src\\features\\configuration\\components\\ScheduleChainSection.tsx": {"lines":{"total":21,"covered":8,"skipped":0,"pct":38.09},"functions":{"total":10,"covered":3,"skipped":0,"pct":30},"statements":{"total":23,"covered":8,"skipped":0,"pct":34.78},"branches":{"total":20,"covered":10,"skipped":0,"pct":50}}
,"C:\\my-timetable-app\\src\\features\\configuration\\components\\SchoolIdentitySection.tsx": {"lines":{"total":18,"covered":1,"skipped":0,"pct":5.55},"functions":{"total":9,"covered":0,"skipped":0,"pct":0},"statements":{"total":21,"covered":1,"skipped":0,"pct":4.76},"branches":{"total":16,"covered":0,"skipped":0,"pct":0}}
,"C:\\my-timetable-app\\src\\features\\configuration\\components\\SlotEditModal.tsx": {"lines":{"total":13,"covered":2,"skipped":0,"pct":15.38},"functions":{"total":10,"covered":0,"skipped":0,"pct":0},"statements":{"total":14,"covered":2,"skipped":0,"pct":14.28},"branches":{"total":10,"covered":0,"skipped":0,"pct":0}}
,"C:\\my-timetable-app\\src\\features\\configuration\\components\\TimelineAutomationSection.tsx": {"lines":{"total":15,"covered":5,"skipped":0,"pct":33.33},"functions":{"total":6,"covered":2,"skipped":0,"pct":33.33},"statements":{"total":15,"covered":5,"skipped":0,"pct":33.33},"branches":{"total":14,"covered":4,"skipped":0,"pct":28.57}}
,"C:\\my-timetable-app\\src\\features\\configuration\\hooks\\useConfigCommit.ts": {"lines":{"total":4,"covered":4,"skipped":0,"pct":100},"functions":{"total":2,"covered":2,"skipped":0,"pct":100},"statements":{"total":4,"covered":4,"skipped":0,"pct":100},"branches":{"total":2,"covered":1,"skipped":0,"pct":50}}
,"C:\\my-timetable-app\\src\\features\\configuration\\hooks\\useGlobalConfig.ts": {"lines":{"total":89,"covered":60,"skipped":0,"pct":67.41},"functions":{"total":20,"covered":11,"skipped":0,"pct":55},"statements":{"total":113,"covered":68,"skipped":0,"pct":60.17},"branches":{"total":66,"covered":25,"skipped":0,"pct":37.87}}
,"C:\\my-timetable-app\\src\\features\\configuration\\logic\\configUtils.ts": {"lines":{"total":32,"covered":32,"skipped":0,"pct":100},"functions":{"total":2,"covered":2,"skipped":0,"pct":100},"statements":{"total":39,"covered":34,"skipped":0,"pct":87.17},"branches":{"total":24,"covered":19,"skipped":0,"pct":79.16}}
,"C:\\my-timetable-app\\src\\features\\dashboard\\DashboardView.tsx": {"lines":{"total":34,"covered":0,"skipped":0,"pct":0},"functions":{"total":21,"covered":0,"skipped":0,"pct":0},"statements":{"total":34,"covered":0,"skipped":0,"pct":0},"branches":{"total":48,"covered":0,"skipped":0,"pct":0}}
,"C:\\my-timetable-app\\src\\features\\dashboard\\index.ts": {"lines":{"total":0,"covered":0,"skipped":0,"pct":100},"functions":{"total":0,"covered":0,"skipped":0,"pct":100},"statements":{"total":0,"covered":0,"skipped":0,"pct":100},"branches":{"total":0,"covered":0,"skipped":0,"pct":100}}
,"C:\\my-timetable-app\\src\\features\\dashboard\\components\\MetricCard.tsx": {"lines":{"total":3,"covered":0,"skipped":0,"pct":0},"functions":{"total":1,"covered":0,"skipped":0,"pct":0},"statements":{"total":3,"covered":0,"skipped":0,"pct":0},"branches":{"total":2,"covered":0,"skipped":0,"pct":0}}
,"C:\\my-timetable-app\\src\\features\\dashboard\\components\\ProfileActions.tsx": {"lines":{"total":2,"covered":0,"skipped":0,"pct":0},"functions":{"total":1,"covered":0,"skipped":0,"pct":0},"statements":{"total":2,"covered":0,"skipped":0,"pct":0},"branches":{"total":0,"covered":0,"skipped":0,"pct":100}}
,"C:\\my-timetable-app\\src\\features\\dashboard\\components\\ProfileModals.tsx": {"lines":{"total":10,"covered":0,"skipped":0,"pct":0},"functions":{"total":9,"covered":0,"skipped":0,"pct":0},"statements":{"total":10,"covered":0,"skipped":0,"pct":0},"branches":{"total":4,"covered":0,"skipped":0,"pct":0}}
,"C:\\my-timetable-app\\src\\features\\dashboard\\components\\QuickAction.tsx": {"lines":{"total":2,"covered":0,"skipped":0,"pct":0},"functions":{"total":1,"covered":0,"skipped":0,"pct":0},"statements":{"total":2,"covered":0,"skipped":0,"pct":0},"branches":{"total":0,"covered":0,"skipped":0,"pct":100}}
,"C:\\my-timetable-app\\src\\features\\dashboard\\components\\RecentActivity.tsx": {"lines":{"total":17,"covered":15,"skipped":0,"pct":88.23},"functions":{"total":4,"covered":4,"skipped":0,"pct":100},"statements":{"total":17,"covered":15,"skipped":0,"pct":88.23},"branches":{"total":12,"covered":9,"skipped":0,"pct":75}}
,"C:\\my-timetable-app\\src\\features\\dashboard\\components\\SystemStatus.tsx": {"lines":{"total":2,"covered":0,"skipped":0,"pct":0},"functions":{"total":1,"covered":0,"skipped":0,"pct":0},"statements":{"total":2,"covered":0,"skipped":0,"pct":0},"branches":{"total":14,"covered":0,"skipped":0,"pct":0}}
,"C:\\my-timetable-app\\src\\features\\dashboard\\hooks\\useDashboard.ts": {"lines":{"total":64,"covered":51,"skipped":0,"pct":79.68},"functions":{"total":13,"covered":10,"skipped":0,"pct":76.92},"statements":{"total":74,"covered":59,"skipped":0,"pct":79.72},"branches":{"total":41,"covered":24,"skipped":0,"pct":58.53}}
,"C:\\my-timetable-app\\src\\features\\duty\\DutyView.tsx": {"lines":{"total":102,"covered":0,"skipped":0,"pct":0},"functions":{"total":40,"covered":0,"skipped":0,"pct":0},"statements":{"total":109,"covered":0,"skipped":0,"pct":0},"branches":{"total":146,"covered":0,"skipped":0,"pct":0}}
,"C:\\my-timetable-app\\src\\features\\duty\\index.ts": {"lines":{"total":0,"covered":0,"skipped":0,"pct":100},"functions":{"total":0,"covered":0,"skipped":0,"pct":100},"statements":{"total":0,"covered":0,"skipped":0,"pct":100},"branches":{"total":0,"covered":0,"skipped":0,"pct":100}}
,"C:\\my-timetable-app\\src\\features\\duty\\types.ts": {"lines":{"total":0,"covered":0,"skipped":0,"pct":100},"functions":{"total":0,"covered":0,"skipped":0,"pct":100},"statements":{"total":0,"covered":0,"skipped":0,"pct":100},"branches":{"total":0,"covered":0,"skipped":0,"pct":100}}
,"C:\\my-timetable-app\\src\\features\\duty\\components\\DutyBulkAssignModal.tsx": {"lines":{"total":53,"covered":0,"skipped":0,"pct":0},"functions":{"total":27,"covered":0,"skipped":0,"pct":0},"statements":{"total":57,"covered":0,"skipped":0,"pct":0},"branches":{"total":22,"covered":0,"skipped":0,"pct":0}}
,"C:\\my-timetable-app\\src\\features\\duty\\components\\DutyGeneratorModal.tsx": {"lines":{"total":29,"covered":0,"skipped":0,"pct":0},"functions":{"total":16,"covered":0,"skipped":0,"pct":0},"statements":{"total":33,"covered":0,"skipped":0,"pct":0},"branches":{"total":26,"covered":0,"skipped":0,"pct":0}}
,"C:\\my-timetable-app\\src\\features\\duty\\hooks\\useDutyRosters.ts": {"lines":{"total":41,"covered":0,"skipped":0,"pct":0},"functions":{"total":10,"covered":0,"skipped":0,"pct":0},"statements":{"total":47,"covered":0,"skipped":0,"pct":0},"branches":{"total":40,"covered":0,"skipped":0,"pct":0}}
,"C:\\my-timetable-app\\src\\features\\duty\\logic\\dutyGenerator.ts": {"lines":{"total":18,"covered":18,"skipped":0,"pct":100},"functions":{"total":5,"covered":5,"skipped":0,"pct":100},"statements":{"total":24,"covered":23,"skipped":0,"pct":95.83},"branches":{"total":6,"covered":4,"skipped":0,"pct":66.66}}
,"C:\\my-timetable-app\\src\\features\\duty\\logic\\legacyRoster.ts": {"lines":{"total":7,"covered":0,"skipped":0,"pct":0},"functions":{"total":2,"covered":0,"skipped":0,"pct":0},"statements":{"total":7,"covered":0,"skipped":0,"pct":0},"branches":{"total":35,"covered":0,"skipped":0,"pct":0}}
,"C:\\my-timetable-app\\src\\features\\exams\\ExamsView.tsx": {"lines":{"total":110,"covered":0,"skipped":0,"pct":0},"functions":{"total":45,"covered":0,"skipped":0,"pct":0},"statements":{"total":115,"covered":0,"skipped":0,"pct":0},"branches":{"total":85,"covered":0,"skipped":0,"pct":0}}
,"C:\\my-timetable-app\\src\\features\\exams\\index.ts": {"lines":{"total":0,"covered":0,"skipped":0,"pct":100},"functions":{"total":0,"covered":0,"skipped":0,"pct":100},"statements":{"total":0,"covered":0,"skipped":0,"pct":100},"branches":{"total":0,"covered":0,"skipped":0,"pct":100}}
,"C:\\my-timetable-app\\src\\features\\exams\\types.ts": {"lines":{"total":0,"covered":0,"skipped":0,"pct":100},"functions":{"total":0,"covered":0,"skipped":0,"pct":100},"statements":{"total":0,"covered":0,"skipped":0,"pct":100},"branches":{"total":0,"covered":0,"skipped":0,"pct":100}}
,"C:\\my-timetable-app\\src\\features\\exams\\components\\ExamCard.tsx": {"lines":{"total":18,"covered":0,"skipped":0,"pct":0},"functions":{"total":11,"covered":0,"skipped":0,"pct":0},"statements":{"total":23,"covered":0,"skipped":0,"pct":0},"branches":{"total":37,"covered":0,"skipped":0,"pct":0}}
,"C:\\my-timetable-app\\src\\features\\exams\\components\\ExamGrid.tsx": {"lines":{"total":115,"covered":64,"skipped":0,"pct":55.65},"functions":{"total":40,"covered":24,"skipped":0,"pct":60},"statements":{"total":132,"covered":70,"skipped":0,"pct":53.03},"branches":{"total":96,"covered":33,"skipped":0,"pct":34.37}}
,"C:\\my-timetable-app\\src\\features\\exams\\components\\ExamManualModal.tsx": {"lines":{"total":106,"covered":0,"skipped":0,"pct":0},"functions":{"total":35,"covered":0,"skipped":0,"pct":0},"statements":{"total":113,"covered":0,"skipped":0,"pct":0},"branches":{"total":82,"covered":0,"skipped":0,"pct":0}}
,"C:\\my-timetable-app\\src\\features\\exams\\components\\ExamSchoolAutoModal.tsx": {"lines":{"total":69,"covered":0,"skipped":0,"pct":0},"functions":{"total":35,"covered":0,"skipped":0,"pct":0},"statements":{"total":74,"covered":0,"skipped":0,"pct":0},"branches":{"total":58,"covered":0,"skipped":0,"pct":0}}
,"C:\\my-timetable-app\\src\\features\\exams\\components\\InvigilatorExclusionModal.tsx": {"lines":{"total":22,"covered":0,"skipped":0,"pct":0},"functions":{"total":15,"covered":0,"skipped":0,"pct":0},"statements":{"total":27,"covered":0,"skipped":0,"pct":0},"branches":{"total":12,"covered":0,"skipped":0,"pct":0}}
,"C:\\my-timetable-app\\src\\features\\exams\\components\\InvigilatorRoster.tsx": {"lines":{"total":21,"covered":0,"skipped":0,"pct":0},"functions":{"total":14,"covered":0,"skipped":0,"pct":0},"statements":{"total":28,"covered":0,"skipped":0,"pct":0},"branches":{"total":10,"covered":0,"skipped":0,"pct":0}}
,"C:\\my-timetable-app\\src\\features\\exams\\hooks\\useExamRosters.ts": {"lines":{"total":43,"covered":0,"skipped":0,"pct":0},"functions":{"total":12,"covered":0,"skipped":0,"pct":0},"statements":{"total":49,"covered":0,"skipped":0,"pct":0},"branches":{"total":42,"covered":0,"skipped":0,"pct":0}}
,"C:\\my-timetable-app\\src\\features\\exams\\hooks\\useExamSchedule.ts": {"lines":{"total":123,"covered":62,"skipped":0,"pct":50.4},"functions":{"total":44,"covered":21,"skipped":0,"pct":47.72},"statements":{"total":140,"covered":69,"skipped":0,"pct":49.28},"branches":{"total":31,"covered":13,"skipped":0,"pct":41.93}}
,"C:\\my-timetable-app\\src\\features\\exams\\logic\\examGeneratorAlgorithms.ts": {"lines":{"total":96,"covered":84,"skipped":0,"pct":87.5},"functions":{"total":31,"covered":28,"skipped":0,"pct":90.32},"statements":{"total":110,"covered":93,"skipped":0,"pct":84.54},"branches":{"total":55,"covered":45,"skipped":0,"pct":81.81}}
,"C:\\my-timetable-app\\src\\features\\exams\\logic\\examUtils.ts": {"lines":{"total":161,"covered":135,"skipped":0,"pct":83.85},"functions":{"total":36,"covered":33,"skipped":0,"pct":91.66},"statements":{"total":184,"covered":150,"skipped":0,"pct":81.52},"branches":{"total":133,"covered":78,"skipped":0,"pct":58.64}}
,"C:\\my-timetable-app\\src\\features\\exams\\logic\\examValidation.ts": {"lines":{"total":29,"covered":29,"skipped":0,"pct":100},"functions":{"total":13,"covered":12,"skipped":0,"pct":92.3},"statements":{"total":36,"covered":35,"skipped":0,"pct":97.22},"branches":{"total":30,"covered":23,"skipped":0,"pct":76.66}}
,"C:\\my-timetable-app\\src\\features\\exams\\logic\\invigilatorAllocator.ts": {"lines":{"total":112,"covered":101,"skipped":0,"pct":90.17},"functions":{"total":41,"covered":33,"skipped":0,"pct":80.48},"statements":{"total":143,"covered":124,"skipped":0,"pct":86.71},"branches":{"total":48,"covered":34,"skipped":0,"pct":70.83}}
,"C:\\my-timetable-app\\src\\features\\generator\\GeneratorView.tsx": {"lines":{"total":141,"covered":0,"skipped":0,"pct":0},"functions":{"total":35,"covered":0,"skipped":0,"pct":0},"statements":{"total":147,"covered":0,"skipped":0,"pct":0},"branches":{"total":114,"covered":0,"skipped":0,"pct":0}}
,"C:\\my-timetable-app\\src\\features\\generator\\index.ts": {"lines":{"total":0,"covered":0,"skipped":0,"pct":100},"functions":{"total":0,"covered":0,"skipped":0,"pct":100},"statements":{"total":0,"covered":0,"skipped":0,"pct":100},"branches":{"total":0,"covered":0,"skipped":0,"pct":100}}
,"C:\\my-timetable-app\\src\\features\\generator\\types.ts": {"lines":{"total":0,"covered":0,"skipped":0,"pct":100},"functions":{"total":0,"covered":0,"skipped":0,"pct":100},"statements":{"total":0,"covered":0,"skipped":0,"pct":100},"branches":{"total":0,"covered":0,"skipped":0,"pct":100}}
,"C:\\my-timetable-app\\src\\features\\generator\\components\\ConflictPanel.tsx": {"lines":{"total":62,"covered":48,"skipped":0,"pct":77.41},"functions":{"total":17,"covered":15,"skipped":0,"pct":88.23},"statements":{"total":68,"covered":50,"skipped":0,"pct":73.52},"branches":{"total":112,"covered":75,"skipped":0,"pct":66.96}}
,"C:\\my-timetable-app\\src\\features\\generator\\components\\DraggableSlot.tsx": {"lines":{"total":5,"covered":5,"skipped":0,"pct":100},"functions":{"total":1,"covered":1,"skipped":0,"pct":100},"statements":{"total":5,"covered":5,"skipped":0,"pct":100},"branches":{"total":23,"covered":19,"skipped":0,"pct":82.6}}
,"C:\\my-timetable-app\\src\\features\\generator\\components\\DroppableCell.tsx": {"lines":{"total":3,"covered":3,"skipped":0,"pct":100},"functions":{"total":1,"covered":1,"skipped":0,"pct":100},"statements":{"total":3,"covered":3,"skipped":0,"pct":100},"branches":{"total":4,"covered":3,"skipped":0,"pct":75}}
,"C:\\my-timetable-app\\src\\features\\generator\\components\\EmptySlotPlacementButton.tsx": {"lines":{"total":4,"covered":1,"skipped":0,"pct":25},"functions":{"total":2,"covered":0,"skipped":0,"pct":0},"statements":{"total":4,"covered":1,"skipped":0,"pct":25},"branches":{"total":8,"covered":0,"skipped":0,"pct":0}}
,"C:\\my-timetable-app\\src\\features\\generator\\components\\GeneratorToolbar.tsx": {"lines":{"total":5,"covered":0,"skipped":0,"pct":0},"functions":{"total":4,"covered":0,"skipped":0,"pct":0},"statements":{"total":5,"covered":0,"skipped":0,"pct":0},"branches":{"total":38,"covered":0,"skipped":0,"pct":0}}
,"C:\\my-timetable-app\\src\\features\\generator\\components\\ManualPlacementPicker.tsx": {"lines":{"total":5,"covered":1,"skipped":0,"pct":20},"functions":{"total":4,"covered":0,"skipped":0,"pct":0},"statements":{"total":6,"covered":1,"skipped":0,"pct":16.66},"branches":{"total":10,"covered":0,"skipped":0,"pct":0}}
,"C:\\my-timetable-app\\src\\features\\generator\\components\\ScheduleGrid.tsx": {"lines":{"total":119,"covered":70,"skipped":0,"pct":58.82},"functions":{"total":26,"covered":10,"skipped":0,"pct":38.46},"statements":{"total":129,"covered":72,"skipped":0,"pct":55.81},"branches":{"total":148,"covered":60,"skipped":0,"pct":40.54}}
,"C:\\my-timetable-app\\src\\features\\generator\\components\\SolverProgressOverlay.tsx": {"lines":{"total":25,"covered":0,"skipped":0,"pct":0},"functions":{"total":5,"covered":0,"skipped":0,"pct":0},"statements":{"total":26,"covered":0,"skipped":0,"pct":0},"branches":{"total":47,"covered":0,"skipped":0,"pct":0}}
,"C:\\my-timetable-app\\src\\features\\generator\\hooks\\useDndLogic.ts": {"lines":{"total":152,"covered":120,"skipped":0,"pct":78.94},"functions":{"total":23,"covered":20,"skipped":0,"pct":86.95},"statements":{"total":189,"covered":138,"skipped":0,"pct":73.01},"branches":{"total":176,"covered":95,"skipped":0,"pct":53.97}}
,"C:\\my-timetable-app\\src\\features\\generator\\hooks\\useManualPlacement.ts": {"lines":{"total":50,"covered":9,"skipped":0,"pct":18},"functions":{"total":11,"covered":3,"skipped":0,"pct":27.27},"statements":{"total":56,"covered":9,"skipped":0,"pct":16.07},"branches":{"total":40,"covered":0,"skipped":0,"pct":0}}
,"C:\\my-timetable-app\\src\\features\\generator\\scheduler\\constants.ts": {"lines":{"total":44,"covered":44,"skipped":0,"pct":100},"functions":{"total":0,"covered":0,"skipped":0,"pct":100},"statements":{"total":44,"covered":44,"skipped":0,"pct":100},"branches":{"total":0,"covered":0,"skipped":0,"pct":100}}
,"C:\\my-timetable-app\\src\\features\\generator\\scheduler\\core\\.gitkeep": {"lines":{"total":0,"covered":0,"skipped":0,"pct":100},"functions":{"total":0,"covered":0,"skipped":0,"pct":100},"statements":{"total":0,"covered":0,"skipped":0,"pct":100},"branches":{"total":0,"covered":0,"skipped":0,"pct":100}}
,"C:\\my-timetable-app\\src\\features\\generator\\scheduler\\core\\generator.ts": {"lines":{"total":6,"covered":6,"skipped":0,"pct":100},"functions":{"total":1,"covered":1,"skipped":0,"pct":100},"statements":{"total":6,"covered":6,"skipped":0,"pct":100},"branches":{"total":0,"covered":0,"skipped":0,"pct":100}}
,"C:\\my-timetable-app\\src\\features\\generator\\scheduler\\core\\state.ts": {"lines":{"total":165,"covered":148,"skipped":0,"pct":89.69},"functions":{"total":28,"covered":26,"skipped":0,"pct":92.85},"statements":{"total":189,"covered":161,"skipped":0,"pct":85.18},"branches":{"total":134,"covered":96,"skipped":0,"pct":71.64}}
,"C:\\my-timetable-app\\src\\features\\generator\\scheduler\\core\\types.ts": {"lines":{"total":0,"covered":0,"skipped":0,"pct":100},"functions":{"total":0,"covered":0,"skipped":0,"pct":100},"statements":{"total":0,"covered":0,"skipped":0,"pct":100},"branches":{"total":0,"covered":0,"skipped":0,"pct":100}}
,"C:\\my-timetable-app\\src\\features\\generator\\scheduler\\core\\worker.ts": {"lines":{"total":24,"covered":0,"skipped":0,"pct":0},"functions":{"total":4,"covered":0,"skipped":0,"pct":0},"statements":{"total":25,"covered":0,"skipped":0,"pct":0},"branches":{"total":18,"covered":0,"skipped":0,"pct":0}}
,"C:\\my-timetable-app\\src\\features\\generator\\scheduler\\logic\\constraints.ts": {"lines":{"total":130,"covered":122,"skipped":0,"pct":93.84},"functions":{"total":8,"covered":8,"skipped":0,"pct":100},"statements":{"total":165,"covered":136,"skipped":0,"pct":82.42},"branches":{"total":177,"covered":131,"skipped":0,"pct":74.01}}
,"C:\\my-timetable-app\\src\\features\\generator\\scheduler\\logic\\evaluation.ts": {"lines":{"total":59,"covered":54,"skipped":0,"pct":91.52},"functions":{"total":5,"covered":5,"skipped":0,"pct":100},"statements":{"total":63,"covered":55,"skipped":0,"pct":87.3},"branches":{"total":45,"covered":29,"skipped":0,"pct":64.44}}
,"C:\\my-timetable-app\\src\\features\\generator\\scheduler\\logic\\preparation.ts": {"lines":{"total":61,"covered":41,"skipped":0,"pct":67.21},"functions":{"total":20,"covered":14,"skipped":0,"pct":70},"statements":{"total":82,"covered":50,"skipped":0,"pct":60.97},"branches":{"total":59,"covered":25,"skipped":0,"pct":42.37}}
,"C:\\my-timetable-app\\src\\features\\generator\\scheduler\\logic\\rooms.ts": {"lines":{"total":37,"covered":33,"skipped":0,"pct":89.18},"functions":{"total":6,"covered":6,"skipped":0,"pct":100},"statements":{"total":44,"covered":34,"skipped":0,"pct":77.27},"branches":{"total":39,"covered":26,"skipped":0,"pct":66.66}}
,"C:\\my-timetable-app\\src\\features\\generator\\scheduler\\logic\\scoring.ts": {"lines":{"total":132,"covered":128,"skipped":0,"pct":96.96},"functions":{"total":13,"covered":13,"skipped":0,"pct":100},"statements":{"total":144,"covered":137,"skipped":0,"pct":95.13},"branches":{"total":146,"covered":129,"skipped":0,"pct":88.35}}
,"C:\\my-timetable-app\\src\\features\\generator\\scheduler\\logic\\subject-core.ts": {"lines":{"total":5,"covered":5,"skipped":0,"pct":100},"functions":{"total":2,"covered":2,"skipped":0,"pct":100},"statements":{"total":8,"covered":7,"skipped":0,"pct":87.5},"branches":{"total":7,"covered":4,"skipped":0,"pct":57.14}}
,"C:\\my-timetable-app\\src\\features\\generator\\scheduler\\logic\\subject-spread.ts": {"lines":{"total":7,"covered":7,"skipped":0,"pct":100},"functions":{"total":4,"covered":4,"skipped":0,"pct":100},"statements":{"total":11,"covered":8,"skipped":0,"pct":72.72},"branches":{"total":12,"covered":8,"skipped":0,"pct":66.66}}
,"C:\\my-timetable-app\\src\\features\\generator\\scheduler\\solver\\construction.ts": {"lines":{"total":101,"covered":91,"skipped":0,"pct":90.09},"functions":{"total":9,"covered":6,"skipped":0,"pct":66.66},"statements":{"total":118,"covered":102,"skipped":0,"pct":86.44},"branches":{"total":71,"covered":57,"skipped":0,"pct":80.28}}
,"C:\\my-timetable-app\\src\\features\\generator\\scheduler\\solver\\heuristics.ts": {"lines":{"total":133,"covered":123,"skipped":0,"pct":92.48},"functions":{"total":12,"covered":11,"skipped":0,"pct":91.66},"statements":{"total":153,"covered":139,"skipped":0,"pct":90.84},"branches":{"total":88,"covered":74,"skipped":0,"pct":84.09}}
,"C:\\my-timetable-app\\src\\features\\generator\\scheduler\\solver\\repair-controller.ts": {"lines":{"total":60,"covered":57,"skipped":0,"pct":95},"functions":{"total":19,"covered":14,"skipped":0,"pct":73.68},"statements":{"total":70,"covered":61,"skipped":0,"pct":87.14},"branches":{"total":30,"covered":23,"skipped":0,"pct":76.66}}
,"C:\\my-timetable-app\\src\\features\\generator\\scheduler\\solver\\repair-executor.ts": {"lines":{"total":45,"covered":34,"skipped":0,"pct":75.55},"functions":{"total":9,"covered":6,"skipped":0,"pct":66.66},"statements":{"total":53,"covered":36,"skipped":0,"pct":67.92},"branches":{"total":30,"covered":18,"skipped":0,"pct":60}}
,"C:\\my-timetable-app\\src\\features\\generator\\scheduler\\solver\\repair.ts": {"lines":{"total":46,"covered":24,"skipped":0,"pct":52.17},"functions":{"total":6,"covered":4,"skipped":0,"pct":66.66},"statements":{"total":49,"covered":26,"skipped":0,"pct":53.06},"branches":{"total":27,"covered":11,"skipped":0,"pct":40.74}}
,"C:\\my-timetable-app\\src\\features\\generator\\scheduler\\solver\\search.ts": {"lines":{"total":219,"covered":206,"skipped":0,"pct":94.06},"functions":{"total":18,"covered":18,"skipped":0,"pct":100},"statements":{"total":258,"covered":236,"skipped":0,"pct":91.47},"branches":{"total":150,"covered":115,"skipped":0,"pct":76.66}}
,"C:\\my-timetable-app\\src\\features\\generator\\scheduler\\solver\\slot-conflicts.ts": {"lines":{"total":76,"covered":58,"skipped":0,"pct":76.31},"functions":{"total":11,"covered":8,"skipped":0,"pct":72.72},"statements":{"total":99,"covered":68,"skipped":0,"pct":68.68},"branches":{"total":105,"covered":57,"skipped":0,"pct":54.28}}
,"C:\\my-timetable-app\\src\\features\\generator\\scheduler\\solver\\solver.ts": {"lines":{"total":167,"covered":121,"skipped":0,"pct":72.45},"functions":{"total":27,"covered":20,"skipped":0,"pct":74.07},"statements":{"total":185,"covered":134,"skipped":0,"pct":72.43},"branches":{"total":115,"covered":56,"skipped":0,"pct":48.69}}
,"C:\\my-timetable-app\\src\\features\\generator\\scheduler\\solver\\tabu.ts": {"lines":{"total":42,"covered":42,"skipped":0,"pct":100},"functions":{"total":11,"covered":11,"skipped":0,"pct":100},"statements":{"total":48,"covered":48,"skipped":0,"pct":100},"branches":{"total":27,"covered":27,"skipped":0,"pct":100}}
,"C:\\my-timetable-app\\src\\features\\generator\\scheduler\\utils\\rng.ts": {"lines":{"total":11,"covered":11,"skipped":0,"pct":100},"functions":{"total":3,"covered":3,"skipped":0,"pct":100},"statements":{"total":12,"covered":12,"skipped":0,"pct":100},"branches":{"total":0,"covered":0,"skipped":0,"pct":100}}
,"C:\\my-timetable-app\\src\\features\\generator\\scheduler\\utils\\utils.ts": {"lines":{"total":19,"covered":19,"skipped":0,"pct":100},"functions":{"total":4,"covered":4,"skipped":0,"pct":100},"statements":{"total":23,"covered":23,"skipped":0,"pct":100},"branches":{"total":10,"covered":10,"skipped":0,"pct":100}}
,"C:\\my-timetable-app\\src\\features\\generator\\scheduler\\validation\\audit.ts": {"lines":{"total":27,"covered":27,"skipped":0,"pct":100},"functions":{"total":6,"covered":6,"skipped":0,"pct":100},"statements":{"total":30,"covered":30,"skipped":0,"pct":100},"branches":{"total":8,"covered":5,"skipped":0,"pct":62.5}}
,"C:\\my-timetable-app\\src\\features\\generator\\scheduler\\validation\\basic-rules.ts": {"lines":{"total":36,"covered":23,"skipped":0,"pct":63.88},"functions":{"total":6,"covered":5,"skipped":0,"pct":83.33},"statements":{"total":40,"covered":25,"skipped":0,"pct":62.5},"branches":{"total":39,"covered":16,"skipped":0,"pct":41.02}}
,"C:\\my-timetable-app\\src\\features\\generator\\scheduler\\validation\\final-audit.ts": {"lines":{"total":83,"covered":83,"skipped":0,"pct":100},"functions":{"total":13,"covered":13,"skipped":0,"pct":100},"statements":{"total":96,"covered":95,"skipped":0,"pct":98.95},"branches":{"total":52,"covered":39,"skipped":0,"pct":75}}
,"C:\\my-timetable-app\\src\\features\\generator\\scheduler\\validation\\final-conflicts.ts": {"lines":{"total":207,"covered":195,"skipped":0,"pct":94.2},"functions":{"total":49,"covered":47,"skipped":0,"pct":95.91},"statements":{"total":262,"covered":224,"skipped":0,"pct":85.49},"branches":{"total":232,"covered":155,"skipped":0,"pct":66.81}}
,"C:\\my-timetable-app\\src\\features\\generator\\scheduler\\validation\\index.ts": {"lines":{"total":128,"covered":114,"skipped":0,"pct":89.06},"functions":{"total":15,"covered":15,"skipped":0,"pct":100},"statements":{"total":149,"covered":129,"skipped":0,"pct":86.57},"branches":{"total":145,"covered":105,"skipped":0,"pct":72.41}}
,"C:\\my-timetable-app\\src\\features\\generator\\scheduler\\validation\\load-checks.ts": {"lines":{"total":160,"covered":148,"skipped":0,"pct":92.5},"functions":{"total":15,"covered":13,"skipped":0,"pct":86.66},"statements":{"total":182,"covered":165,"skipped":0,"pct":90.65},"branches":{"total":168,"covered":131,"skipped":0,"pct":77.97}}
,"C:\\my-timetable-app\\src\\features\\generator\\scheduler\\validation\\overlap-checks.ts": {"lines":{"total":44,"covered":41,"skipped":0,"pct":93.18},"functions":{"total":9,"covered":6,"skipped":0,"pct":66.66},"statements":{"total":49,"covered":44,"skipped":0,"pct":89.79},"branches":{"total":55,"covered":41,"skipped":0,"pct":74.54}}
,"C:\\my-timetable-app\\src\\features\\generator\\scheduler\\validation\\preflight.ts": {"lines":{"total":58,"covered":53,"skipped":0,"pct":91.37},"functions":{"total":10,"covered":10,"skipped":0,"pct":100},"statements":{"total":77,"covered":63,"skipped":0,"pct":81.81},"branches":{"total":39,"covered":25,"skipped":0,"pct":64.1}}
,"C:\\my-timetable-app\\src\\features\\generator\\scheduler\\validation\\types.ts": {"lines":{"total":0,"covered":0,"skipped":0,"pct":100},"functions":{"total":0,"covered":0,"skipped":0,"pct":100},"statements":{"total":0,"covered":0,"skipped":0,"pct":100},"branches":{"total":0,"covered":0,"skipped":0,"pct":100}}
,"C:\\my-timetable-app\\src\\features\\generator\\scheduler\\validation\\utils.ts": {"lines":{"total":5,"covered":5,"skipped":0,"pct":100},"functions":{"total":1,"covered":1,"skipped":0,"pct":100},"statements":{"total":7,"covered":7,"skipped":0,"pct":100},"branches":{"total":4,"covered":4,"skipped":0,"pct":100}}
,"C:\\my-timetable-app\\src\\features\\generator\\utils\\doublePeriodMove.ts": {"lines":{"total":11,"covered":11,"skipped":0,"pct":100},"functions":{"total":3,"covered":3,"skipped":0,"pct":100},"statements":{"total":15,"covered":12,"skipped":0,"pct":80},"branches":{"total":18,"covered":14,"skipped":0,"pct":77.77}}
,"C:\\my-timetable-app\\src\\features\\generator\\utils\\pendingPlacements.ts": {"lines":{"total":77,"covered":6,"skipped":0,"pct":7.79},"functions":{"total":16,"covered":2,"skipped":0,"pct":12.5},"statements":{"total":98,"covered":7,"skipped":0,"pct":7.14},"branches":{"total":64,"covered":1,"skipped":0,"pct":1.56}}
,"C:\\my-timetable-app\\src\\features\\rooms\\RoomsView.tsx": {"lines":{"total":66,"covered":39,"skipped":0,"pct":59.09},"functions":{"total":22,"covered":8,"skipped":0,"pct":36.36},"statements":{"total":70,"covered":39,"skipped":0,"pct":55.71},"branches":{"total":20,"covered":8,"skipped":0,"pct":40}}
,"C:\\my-timetable-app\\src\\features\\rooms\\index.ts": {"lines":{"total":0,"covered":0,"skipped":0,"pct":100},"functions":{"total":0,"covered":0,"skipped":0,"pct":100},"statements":{"total":0,"covered":0,"skipped":0,"pct":100},"branches":{"total":0,"covered":0,"skipped":0,"pct":100}}
,"C:\\my-timetable-app\\src\\features\\rooms\\types.ts": {"lines":{"total":0,"covered":0,"skipped":0,"pct":100},"functions":{"total":0,"covered":0,"skipped":0,"pct":100},"statements":{"total":0,"covered":0,"skipped":0,"pct":100},"branches":{"total":0,"covered":0,"skipped":0,"pct":100}}
,"C:\\my-timetable-app\\src\\features\\subjects\\SubjectsView.tsx": {"lines":{"total":81,"covered":37,"skipped":0,"pct":45.67},"functions":{"total":35,"covered":7,"skipped":0,"pct":20},"statements":{"total":91,"covered":38,"skipped":0,"pct":41.75},"branches":{"total":108,"covered":47,"skipped":0,"pct":43.51}}
,"C:\\my-timetable-app\\src\\features\\subjects\\index.ts": {"lines":{"total":0,"covered":0,"skipped":0,"pct":100},"functions":{"total":0,"covered":0,"skipped":0,"pct":100},"statements":{"total":0,"covered":0,"skipped":0,"pct":100},"branches":{"total":0,"covered":0,"skipped":0,"pct":100}}
,"C:\\my-timetable-app\\src\\features\\subjects\\types.ts": {"lines":{"total":0,"covered":0,"skipped":0,"pct":100},"functions":{"total":0,"covered":0,"skipped":0,"pct":100},"statements":{"total":0,"covered":0,"skipped":0,"pct":100},"branches":{"total":0,"covered":0,"skipped":0,"pct":100}}
,"C:\\my-timetable-app\\src\\features\\subjects\\hooks\\useSubjectUsage.ts": {"lines":{"total":8,"covered":3,"skipped":0,"pct":37.5},"functions":{"total":5,"covered":1,"skipped":0,"pct":20},"statements":{"total":11,"covered":3,"skipped":0,"pct":27.27},"branches":{"total":2,"covered":0,"skipped":0,"pct":0}}
,"C:\\my-timetable-app\\src\\features\\teachers\\TeachersView.tsx": {"lines":{"total":50,"covered":12,"skipped":0,"pct":24},"functions":{"total":32,"covered":5,"skipped":0,"pct":15.62},"statements":{"total":51,"covered":12,"skipped":0,"pct":23.52},"branches":{"total":34,"covered":13,"skipped":0,"pct":38.23}}
,"C:\\my-timetable-app\\src\\features\\teachers\\index.ts": {"lines":{"total":0,"covered":0,"skipped":0,"pct":100},"functions":{"total":0,"covered":0,"skipped":0,"pct":100},"statements":{"total":0,"covered":0,"skipped":0,"pct":100},"branches":{"total":0,"covered":0,"skipped":0,"pct":100}}
,"C:\\my-timetable-app\\src\\features\\teachers\\types.ts": {"lines":{"total":0,"covered":0,"skipped":0,"pct":100},"functions":{"total":0,"covered":0,"skipped":0,"pct":100},"statements":{"total":0,"covered":0,"skipped":0,"pct":100},"branches":{"total":0,"covered":0,"skipped":0,"pct":100}}
,"C:\\my-timetable-app\\src\\features\\teachers\\components\\TeacherEditorModal.tsx": {"lines":{"total":79,"covered":48,"skipped":0,"pct":60.75},"functions":{"total":35,"covered":14,"skipped":0,"pct":40},"statements":{"total":96,"covered":49,"skipped":0,"pct":51.04},"branches":{"total":85,"covered":48,"skipped":0,"pct":56.47}}
,"C:\\my-timetable-app\\src\\features\\teachers\\hooks\\useTeacherManagement.ts": {"lines":{"total":68,"covered":27,"skipped":0,"pct":39.7},"functions":{"total":24,"covered":6,"skipped":0,"pct":25},"statements":{"total":76,"covered":28,"skipped":0,"pct":36.84},"branches":{"total":30,"covered":3,"skipped":0,"pct":10}}
,"C:\\my-timetable-app\\src\\features\\workload\\WorkloadView.tsx": {"lines":{"total":23,"covered":0,"skipped":0,"pct":0},"functions":{"total":5,"covered":0,"skipped":0,"pct":0},"statements":{"total":24,"covered":0,"skipped":0,"pct":0},"branches":{"total":22,"covered":0,"skipped":0,"pct":0}}
,"C:\\my-timetable-app\\src\\features\\workload\\index.ts": {"lines":{"total":0,"covered":0,"skipped":0,"pct":100},"functions":{"total":0,"covered":0,"skipped":0,"pct":100},"statements":{"total":0,"covered":0,"skipped":0,"pct":100},"branches":{"total":0,"covered":0,"skipped":0,"pct":100}}
,"C:\\my-timetable-app\\src\\features\\workload\\components\\WorkloadTeacherDetail.tsx": {"lines":{"total":41,"covered":0,"skipped":0,"pct":0},"functions":{"total":16,"covered":0,"skipped":0,"pct":0},"statements":{"total":49,"covered":0,"skipped":0,"pct":0},"branches":{"total":35,"covered":0,"skipped":0,"pct":0}}
,"C:\\my-timetable-app\\src\\features\\workload\\hooks\\useWorkloadStats.ts": {"lines":{"total":71,"covered":67,"skipped":0,"pct":94.36},"functions":{"total":22,"covered":21,"skipped":0,"pct":95.45},"statements":{"total":75,"covered":71,"skipped":0,"pct":94.66},"branches":{"total":44,"covered":31,"skipped":0,"pct":70.45}}
,"C:\\my-timetable-app\\src\\services\\export\\duty.ts": {"lines":{"total":66,"covered":64,"skipped":0,"pct":96.96},"functions":{"total":13,"covered":11,"skipped":0,"pct":84.61},"statements":{"total":72,"covered":70,"skipped":0,"pct":97.22},"branches":{"total":34,"covered":25,"skipped":0,"pct":73.52}}
,"C:\\my-timetable-app\\src\\services\\export\\exams.ts": {"lines":{"total":269,"covered":259,"skipped":0,"pct":96.28},"functions":{"total":65,"covered":53,"skipped":0,"pct":81.53},"statements":{"total":301,"covered":281,"skipped":0,"pct":93.35},"branches":{"total":90,"covered":46,"skipped":0,"pct":51.11}}
,"C:\\my-timetable-app\\src\\services\\export\\excel.ts": {"lines":{"total":212,"covered":181,"skipped":0,"pct":85.37},"functions":{"total":16,"covered":13,"skipped":0,"pct":81.25},"statements":{"total":226,"covered":191,"skipped":0,"pct":84.51},"branches":{"total":162,"covered":112,"skipped":0,"pct":69.13}}
,"C:\\my-timetable-app\\src\\services\\export\\excelLoader.ts": {"lines":{"total":5,"covered":5,"skipped":0,"pct":100},"functions":{"total":2,"covered":2,"skipped":0,"pct":100},"statements":{"total":6,"covered":6,"skipped":0,"pct":100},"branches":{"total":2,"covered":2,"skipped":0,"pct":100}}
,"C:\\my-timetable-app\\src\\services\\export\\print.ts": {"lines":{"total":106,"covered":92,"skipped":0,"pct":86.79},"functions":{"total":14,"covered":12,"skipped":0,"pct":85.71},"statements":{"total":117,"covered":100,"skipped":0,"pct":85.47},"branches":{"total":115,"covered":71,"skipped":0,"pct":61.73}}
,"C:\\my-timetable-app\\src\\services\\fileSystem\\index.ts": {"lines":{"total":62,"covered":8,"skipped":0,"pct":12.9},"functions":{"total":9,"covered":3,"skipped":0,"pct":33.33},"statements":{"total":65,"covered":8,"skipped":0,"pct":12.3},"branches":{"total":21,"covered":3,"skipped":0,"pct":14.28}}
,"C:\\my-timetable-app\\src\\services\\fileSystem\\nativeAdapter.ts": {"lines":{"total":63,"covered":28,"skipped":0,"pct":44.44},"functions":{"total":11,"covered":7,"skipped":0,"pct":63.63},"statements":{"total":63,"covered":28,"skipped":0,"pct":44.44},"branches":{"total":10,"covered":4,"skipped":0,"pct":40}}
,"C:\\my-timetable-app\\src\\services\\fileSystem\\sanitization.ts": {"lines":{"total":1,"covered":1,"skipped":0,"pct":100},"functions":{"total":1,"covered":0,"skipped":0,"pct":0},"statements":{"total":2,"covered":1,"skipped":0,"pct":50},"branches":{"total":0,"covered":0,"skipped":0,"pct":100}}
,"C:\\my-timetable-app\\src\\services\\profile\\migration.ts": {"lines":{"total":20,"covered":16,"skipped":0,"pct":80},"functions":{"total":2,"covered":2,"skipped":0,"pct":100},"statements":{"total":21,"covered":17,"skipped":0,"pct":80.95},"branches":{"total":12,"covered":10,"skipped":0,"pct":83.33}}
,"C:\\my-timetable-app\\src\\services\\profile\\profileStorage.ts": {"lines":{"total":129,"covered":68,"skipped":0,"pct":52.71},"functions":{"total":13,"covered":6,"skipped":0,"pct":46.15},"statements":{"total":137,"covered":68,"skipped":0,"pct":49.63},"branches":{"total":57,"covered":19,"skipped":0,"pct":33.33}}
}
